<?xml version="1.0" encoding="UTF-8"?>
<robot generator="Robot 5.0 (Python 3.10.4 on win32)" generated="20220508 09:47:20.655" rpa="false" schemaversion="3">
<suite id="s1" name="Demo4 Suite" source="C:\Users\Naman Thakur\PycharmProjects\robot_project\robot_suite\demo4_suite.robot">
<test id="s1-t1" name="TC1" line="17">
<kw name="Log To Console" library="BuiltIn">
<arg>${MY_NAME}</arg>
<doc>Logs the given message to the console.</doc>
<status status="PASS" starttime="20220508 09:47:21.269" endtime="20220508 09:47:21.270"/>
</kw>
<status status="PASS" starttime="20220508 09:47:21.268" endtime="20220508 09:47:21.271"/>
</test>
<test id="s1-t2" name="TC2" line="20">
<kw name="Log To Console" library="BuiltIn">
<arg>${MY_NAME}</arg>
<doc>Logs the given message to the console.</doc>
<status status="PASS" starttime="20220508 09:47:21.273" endtime="20220508 09:47:21.273"/>
</kw>
<kw name="Log To Console" library="BuiltIn">
<arg>${ROLE}</arg>
<doc>Logs the given message to the console.</doc>
<status status="PASS" starttime="20220508 09:47:21.274" endtime="20220508 09:47:21.274"/>
</kw>
<kw name="Log To Console" library="BuiltIn">
<arg>${COLORS}[0]</arg>
<doc>Logs the given message to the console.</doc>
<status status="PASS" starttime="20220508 09:47:21.275" endtime="20220508 09:47:21.276"/>
</kw>
<status status="PASS" starttime="20220508 09:47:21.272" endtime="20220508 09:47:21.276"/>
</test>
<test id="s1-t3" name="TC3" line="25">
<kw name="Create List" library="BuiltIn">
<var>@{fruits}</var>
<arg>apple</arg>
<arg>grapes</arg>
<arg>orange</arg>
<doc>Returns a list containing given items.</doc>
<msg timestamp="20220508 09:47:21.279" level="INFO">@{fruits} = [ apple | grapes | orange ]</msg>
<status status="PASS" starttime="20220508 09:47:21.279" endtime="20220508 09:47:21.280"/>
</kw>
<kw name="Log To Console" library="BuiltIn">
<arg>${fruits}</arg>
<doc>Logs the given message to the console.</doc>
<status status="PASS" starttime="20220508 09:47:21.280" endtime="20220508 09:47:21.281"/>
</kw>
<kw name="Append To List" library="Collections">
<arg>${fruits}</arg>
<arg>pineapple</arg>
<doc>Adds ``values`` to the end of ``list``.</doc>
<status status="PASS" starttime="20220508 09:47:21.282" endtime="20220508 09:47:21.282"/>
</kw>
<kw name="Log To Console" library="BuiltIn">
<arg>${fruits}</arg>
<doc>Logs the given message to the console.</doc>
<status status="PASS" starttime="20220508 09:47:21.282" endtime="20220508 09:47:21.283"/>
</kw>
<kw name="Remove From List" library="Collections">
<arg>${fruits}</arg>
<arg>0</arg>
<doc>Removes and returns the value specified with an ``index`` from ``list``.</doc>
<status status="PASS" starttime="20220508 09:47:21.284" endtime="20220508 09:47:21.284"/>
</kw>
<kw name="Log To Console" library="BuiltIn">
<arg>${fruits}</arg>
<doc>Logs the given message to the console.</doc>
<status status="PASS" starttime="20220508 09:47:21.285" endtime="20220508 09:47:21.286"/>
</kw>
<kw name="Insert Into List" library="Collections">
<arg>${fruits}</arg>
<arg>0</arg>
<arg>mango</arg>
<doc>Inserts ``value`` into ``list`` to the position specified with ``index``.</doc>
<status status="PASS" starttime="20220508 09:47:21.286" endtime="20220508 09:47:21.287"/>
</kw>
<kw name="Log To Console" library="BuiltIn">
<arg>${fruits}</arg>
<doc>Logs the given message to the console.</doc>
<status status="PASS" starttime="20220508 09:47:21.288" endtime="20220508 09:47:21.289"/>
</kw>
<status status="PASS" starttime="20220508 09:47:21.278" endtime="20220508 09:47:21.290"/>
</test>
<test id="s1-t4" name="TC4" line="36">
<kw name="Create List" library="BuiltIn">
<var>@{fruits}</var>
<arg>apple</arg>
<arg>grapes</arg>
<arg>orange</arg>
<arg>mango</arg>
<doc>Returns a list containing given items.</doc>
<msg timestamp="20220508 09:47:21.293" level="INFO">@{fruits} = [ apple | grapes | orange | mango ]</msg>
<status status="PASS" starttime="20220508 09:47:21.293" endtime="20220508 09:47:21.293"/>
</kw>
<for flavor="IN RANGE">
<var>${i}</var>
<value>0</value>
<value>4</value>
<value>1</value>
<iter>
<var name="${i}">0</var>
<kw name="Log" library="BuiltIn">
<arg>${fruits}[${i}]</arg>
<doc>Logs the given message with the given level.</doc>
<msg timestamp="20220508 09:47:21.296" level="INFO">apple</msg>
<status status="PASS" starttime="20220508 09:47:21.295" endtime="20220508 09:47:21.296"/>
</kw>
<kw name="Log To Console" library="BuiltIn">
<arg>${fruits}[${i}]</arg>
<doc>Logs the given message to the console.</doc>
<status status="PASS" starttime="20220508 09:47:21.296" endtime="20220508 09:47:21.297"/>
</kw>
<status status="PASS" starttime="20220508 09:47:21.295" endtime="20220508 09:47:21.297"/>
</iter>
<iter>
<var name="${i}">1</var>
<kw name="Log" library="BuiltIn">
<arg>${fruits}[${i}]</arg>
<doc>Logs the given message with the given level.</doc>
<msg timestamp="20220508 09:47:21.298" level="INFO">grapes</msg>
<status status="PASS" starttime="20220508 09:47:21.297" endtime="20220508 09:47:21.298"/>
</kw>
<kw name="Log To Console" library="BuiltIn">
<arg>${fruits}[${i}]</arg>
<doc>Logs the given message to the console.</doc>
<status status="PASS" starttime="20220508 09:47:21.298" endtime="20220508 09:47:21.299"/>
</kw>
<status status="PASS" starttime="20220508 09:47:21.297" endtime="20220508 09:47:21.299"/>
</iter>
<iter>
<var name="${i}">2</var>
<kw name="Log" library="BuiltIn">
<arg>${fruits}[${i}]</arg>
<doc>Logs the given message with the given level.</doc>
<msg timestamp="20220508 09:47:21.300" level="INFO">orange</msg>
<status status="PASS" starttime="20220508 09:47:21.300" endtime="20220508 09:47:21.300"/>
</kw>
<kw name="Log To Console" library="BuiltIn">
<arg>${fruits}[${i}]</arg>
<doc>Logs the given message to the console.</doc>
<status status="PASS" starttime="20220508 09:47:21.300" endtime="20220508 09:47:21.302"/>
</kw>
<status status="PASS" starttime="20220508 09:47:21.299" endtime="20220508 09:47:21.302"/>
</iter>
<iter>
<var name="${i}">3</var>
<kw name="Log" library="BuiltIn">
<arg>${fruits}[${i}]</arg>
<doc>Logs the given message with the given level.</doc>
<msg timestamp="20220508 09:47:21.303" level="INFO">mango</msg>
<status status="PASS" starttime="20220508 09:47:21.303" endtime="20220508 09:47:21.303"/>
</kw>
<kw name="Log To Console" library="BuiltIn">
<arg>${fruits}[${i}]</arg>
<doc>Logs the given message to the console.</doc>
<status status="PASS" starttime="20220508 09:47:21.303" endtime="20220508 09:47:21.304"/>
</kw>
<status status="PASS" starttime="20220508 09:47:21.302" endtime="20220508 09:47:21.304"/>
</iter>
<status status="PASS" starttime="20220508 09:47:21.294" endtime="20220508 09:47:21.304"/>
</for>
<status status="PASS" starttime="20220508 09:47:21.292" endtime="20220508 09:47:21.305"/>
</test>
<test id="s1-t5" name="TC5" line="44">
<kw name="Create List" library="BuiltIn">
<var>@{fruits}</var>
<arg>apple</arg>
<arg>grapes</arg>
<arg>orange</arg>
<arg>mango</arg>
<doc>Returns a list containing given items.</doc>
<msg timestamp="20220508 09:47:21.309" level="INFO">@{fruits} = [ apple | grapes | orange | mango ]</msg>
<status status="PASS" starttime="20220508 09:47:21.308" endtime="20220508 09:47:21.309"/>
</kw>
<for flavor="IN">
<var>${fruit}</var>
<value>@{fruits}</value>
<iter>
<var name="${fruit}">apple</var>
<kw name="Log" library="BuiltIn">
<arg>${fruit}</arg>
<doc>Logs the given message with the given level.</doc>
<msg timestamp="20220508 09:47:21.311" level="INFO">apple</msg>
<status status="PASS" starttime="20220508 09:47:21.310" endtime="20220508 09:47:21.311"/>
</kw>
<kw name="Log To Console" library="BuiltIn">
<arg>${fruit}</arg>
<doc>Logs the given message to the console.</doc>
<status status="PASS" starttime="20220508 09:47:21.311" endtime="20220508 09:47:21.312"/>
</kw>
<status status="PASS" starttime="20220508 09:47:21.310" endtime="20220508 09:47:21.312"/>
</iter>
<iter>
<var name="${fruit}">grapes</var>
<kw name="Log" library="BuiltIn">
<arg>${fruit}</arg>
<doc>Logs the given message with the given level.</doc>
<msg timestamp="20220508 09:47:21.313" level="INFO">grapes</msg>
<status status="PASS" starttime="20220508 09:47:21.312" endtime="20220508 09:47:21.313"/>
</kw>
<kw name="Log To Console" library="BuiltIn">
<arg>${fruit}</arg>
<doc>Logs the given message to the console.</doc>
<status status="PASS" starttime="20220508 09:47:21.313" endtime="20220508 09:47:21.313"/>
</kw>
<status status="PASS" starttime="20220508 09:47:21.312" endtime="20220508 09:47:21.313"/>
</iter>
<iter>
<var name="${fruit}">orange</var>
<kw name="Log" library="BuiltIn">
<arg>${fruit}</arg>
<doc>Logs the given message with the given level.</doc>
<msg timestamp="20220508 09:47:21.314" level="INFO">orange</msg>
<status status="PASS" starttime="20220508 09:47:21.314" endtime="20220508 09:47:21.314"/>
</kw>
<kw name="Log To Console" library="BuiltIn">
<arg>${fruit}</arg>
<doc>Logs the given message to the console.</doc>
<status status="PASS" starttime="20220508 09:47:21.314" endtime="20220508 09:47:21.315"/>
</kw>
<status status="PASS" starttime="20220508 09:47:21.314" endtime="20220508 09:47:21.315"/>
</iter>
<iter>
<var name="${fruit}">mango</var>
<kw name="Log" library="BuiltIn">
<arg>${fruit}</arg>
<doc>Logs the given message with the given level.</doc>
<msg timestamp="20220508 09:47:21.316" level="INFO">mango</msg>
<status status="PASS" starttime="20220508 09:47:21.315" endtime="20220508 09:47:21.316"/>
</kw>
<kw name="Log To Console" library="BuiltIn">
<arg>${fruit}</arg>
<doc>Logs the given message to the console.</doc>
<status status="PASS" starttime="20220508 09:47:21.316" endtime="20220508 09:47:21.317"/>
</kw>
<status status="PASS" starttime="20220508 09:47:21.315" endtime="20220508 09:47:21.317"/>
</iter>
<status status="PASS" starttime="20220508 09:47:21.310" endtime="20220508 09:47:21.317"/>
</for>
<status status="PASS" starttime="20220508 09:47:21.307" endtime="20220508 09:47:21.318"/>
</test>
<status status="PASS" starttime="20220508 09:47:20.659" endtime="20220508 09:47:21.320"/>
</suite>
<statistics>
<total>
<stat pass="5" fail="0" skip="0">All Tests</stat>
</total>
<tag>
</tag>
<suite>
<stat pass="5" fail="0" skip="0" id="s1" name="Demo4 Suite">Demo4 Suite</stat>
</suite>
</statistics>
<errors>
</errors>
</robot>
